<?xml version="1.0" encoding="UTF-8"?>
<testng-results ignored="0" total="1" passed="1" failed="0" skipped="0">
  <reporter-output>
  </reporter-output>
  <suite started-at="2023-08-26T17:02:38 IST" name="Default suite" finished-at="2023-08-26T17:02:45 IST" duration-ms="7122">
    <groups>
    </groups>
    <test started-at="2023-08-26T17:02:38 IST" name="Default test" finished-at="2023-08-26T17:02:45 IST" duration-ms="7122">
      <class name="com.tutorialsNinja.qa.testCases.registeration">
        <test-method is-config="true" signature="beforeMethod()[pri:0, instance:com.tutorialsNinja.qa.testCases.registeration@128d2484]" started-at="2023-08-26T17:02:38 IST" name="beforeMethod" finished-at="2023-08-26T17:02:43 IST" duration-ms="5530" status="PASS">
          <reporter-output>
          </reporter-output>
        </test-method> <!-- beforeMethod -->
        <test-method signature="verify_RegistrationOfNewUser()[pri:0, instance:com.tutorialsNinja.qa.testCases.registeration@128d2484]" started-at="2023-08-26T17:02:43 IST" name="verify_RegistrationOfNewUser" finished-at="2023-08-26T17:02:45 IST" duration-ms="1534" status="PASS">
          <reporter-output>
          </reporter-output>
        </test-method> <!-- verify_RegistrationOfNewUser -->
      </class> <!-- com.tutorialsNinja.qa.testCases.registeration -->
    </test> <!-- Default test -->
  </suite> <!-- Default suite -->
</testng-results>
